This is pdfTeXk, Version 3.141592-1.40.3 (Web2C 7.5.6) (format=pdflatex 2009.11.12)  11 JUN 2011 11:19
entering extended mode
\write18 enabled.
 file:line:error style messages enabled.
**visualRefCard.tex
(./visualRefCard.tex
LaTeX2e <2005/12/01>
Babel <v3.8h> and hyphenation patterns for english, usenglishmax, dumylang, noh
yphenation, arabic, basque, bulgarian, coptic, welsh, czech, slovak, german, ng
erman, danish, esperanto, spanish, catalan, galician, estonian, farsi, finnish,
 french, greek, monogreek, ancientgreek, croatian, hungarian, interlingua, ibyc
us, indonesian, icelandic, italian, latin, mongolian, dutch, norsk, polish, por
tuguese, pinyin, romanian, russian, slovenian, uppersorbian, serbian, swedish, 
turkish, ukenglish, ukrainian, loaded.
(/opt/local/share/texmf-dist/tex/latex/base/article.cls
Document Class: article 2005/09/16 v1.4f Standard LaTeX document class
(/opt/local/share/texmf-dist/tex/latex/base/size10.clo
File: size10.clo 2005/09/16 v1.4f Standard LaTeX file (size option)
)
\c@part=\count79
\c@section=\count80
\c@subsection=\count81
\c@subsubsection=\count82
\c@paragraph=\count83
\c@subparagraph=\count84
\c@figure=\count85
\c@table=\count86
\abovecaptionskip=\skip41
\belowcaptionskip=\skip42
\bibindent=\dimen102
)
(/opt/local/share/texmf-dist/tex/generic/babel/babel.sty
Package: babel 2005/11/23 v3.8h The Babel package

(/opt/local/share/texmf-dist/tex/generic/babel/frenchb.ldf
Language: french 2005/02/06 v1.6g French support from the babel system

(/opt/local/share/texmf-dist/tex/generic/babel/babel.def
File: babel.def 2005/11/23 v3.8h Babel common definitions
\babel@savecnt=\count87
\U@D=\dimen103
)
Package babel Info: Making : an active character on input line 219.
Package babel Info: Making ; an active character on input line 220.
Package babel Info: Making ! an active character on input line 221.
Package babel Info: Making ? an active character on input line 222.
LaTeX Font Info:    Redeclaring font encoding T1 on input line 299.
\parindentFFN=\dimen104
\std@mcc=\count88
\dec@mcc=\count89

*************************************
* Local config file frenchb.cfg used
*
(/opt/local/share/texmf-dist/tex/generic/babel/frenchb.cfg)))
(/opt/local/share/texmf-dist/tex/latex/base/fontenc.sty
Package: fontenc 2005/09/27 v1.99g Standard LaTeX package

(/opt/local/share/texmf-dist/tex/latex/base/t1enc.def
File: t1enc.def 2005/09/27 v1.99g Standard LaTeX file
LaTeX Font Info:    Redeclaring font encoding T1 on input line 43.
))
(/opt/local/share/texmf-dist/tex/latex/base/inputenc.sty
Package: inputenc 2006/05/05 v1.1b Input encoding file
\inpenc@prehook=\toks14
\inpenc@posthook=\toks15

(/opt/local/share/texmf-dist/tex/latex/base/latin1.def
File: latin1.def 2006/05/05 v1.1b Input encoding file
))
(/opt/local/share/texmf-dist/tex/latex/tools/varioref.sty
Package: varioref 2006/05/13 v1.4p package for extended references (FMi)
\c@vrcnt=\count90
)
(/opt/local/share/texmf-dist/tex/latex/graphics/graphicx.sty
Package: graphicx 1999/02/16 v1.0f Enhanced LaTeX Graphics (DPC,SPQR)

(/opt/local/share/texmf-dist/tex/latex/graphics/keyval.sty
Package: keyval 1999/03/16 v1.13 key=value parser (DPC)
\KV@toks@=\toks16
)
(/opt/local/share/texmf-dist/tex/latex/graphics/graphics.sty
Package: graphics 2006/02/20 v1.0o Standard LaTeX Graphics (DPC,SPQR)

(/opt/local/share/texmf-dist/tex/latex/graphics/trig.sty
Package: trig 1999/03/16 v1.09 sin cos tan (DPC)
)
(/opt/local/share/texmf/tex/latex/config/graphics.cfg
File: graphics.cfg 2007/01/18 v1.5 graphics configuration of teTeX/TeXLive
)
Package graphics Info: Driver file: pdftex.def on input line 90.

(/opt/local/share/texmf-dist/tex/latex/pdftex-def/pdftex.def
File: pdftex.def 2007/01/08 v0.04d Graphics/color for pdfTeX
\Gread@gobject=\count91
))
\Gin@req@height=\dimen105
\Gin@req@width=\dimen106
)
(/opt/local/share/texmf-dist/tex/latex/geometry/geometry.sty
Package: geometry 2002/07/08 v3.2 Page Geometry
\Gm@cnth=\count92
\Gm@cntv=\count93
\c@Gm@tempcnt=\count94
\Gm@bindingoffset=\dimen107
\Gm@wd@mp=\dimen108
\Gm@odd@mp=\dimen109
\Gm@even@mp=\dimen110
\Gm@dimlist=\toks17

(/opt/local/share/texmf-dist/tex/xelatex/xetexconfig/geometry.cfg))

LaTeX Warning: Unused global option(s):
    [pdflatex].

(./visualRefCard.aux)
\openout1 = `visualRefCard.aux'.

LaTeX Font Info:    Checking defaults for OML/cmm/m/it on input line 9.
LaTeX Font Info:    ... okay on input line 9.
LaTeX Font Info:    Checking defaults for T1/lmr/m/n on input line 9.
LaTeX Font Info:    Try loading font information for T1+lmr on input line 9.
 (/opt/local/share/texmf-dist/tex/latex/lm/t1lmr.fd
File: t1lmr.fd 2007/01/14 v1.3 Font defs for Latin Modern
)
LaTeX Font Info:    ... okay on input line 9.
LaTeX Font Info:    Checking defaults for OT1/cmr/m/n on input line 9.
LaTeX Font Info:    ... okay on input line 9.
LaTeX Font Info:    Checking defaults for OMS/cmsy/m/n on input line 9.
LaTeX Font Info:    ... okay on input line 9.
LaTeX Font Info:    Checking defaults for OMX/cmex/m/n on input line 9.
LaTeX Font Info:    ... okay on input line 9.
LaTeX Font Info:    Checking defaults for U/cmr/m/n on input line 9.
LaTeX Font Info:    ... okay on input line 9.
LaTeX Info: Redefining \dots on input line 9.

(/opt/local/share/texmf-dist/tex/context/base/supp-pdf.tex
[Loading MPS to PDF converter (version 2006.09.02).]
\scratchcounter=\count95
\scratchdimen=\dimen111
\scratchbox=\box26
\nofMPsegments=\count96
\nofMParguments=\count97
\MPscratchCnt=\count98
\MPscratchDim=\dimen112
\MPnumerator=\count99
\everyMPtoPDFconversion=\toks18
)
-------------------- Geometry parameters
paper: class default
landscape: --
twocolumn: --
twoside: --
asymmetric: --
h-parts: 56.9055pt, 500.484pt, 56.9055pt
v-parts: 28.45274pt, 723.83813pt, 42.67911pt
hmarginratio: --
vmarginratio: 2:3
lines: --
heightrounded: --
bindingoffset: 0.0pt
truedimen: --
includehead: --
includefoot: --
includemp: --
driver: pdftex
-------------------- Page layout dimensions and switches
\paperwidth  614.295pt
\paperheight 794.96999pt
\textwidth  500.484pt
\textheight 723.83813pt
\oddsidemargin  -15.36449pt
\evensidemargin -15.36449pt
\topmargin  -43.81725pt
\headheight 0.0pt
\headsep    0.0pt
\footskip   0.0pt
\marginparwidth 65.0pt
\marginparsep   11.0pt
\columnsep  10.0pt
\skip\footins  9.0pt plus 4.0pt minus 2.0pt
\hoffset 0.0pt
\voffset 0.0pt
\mag 1000

(1in=72.27pt, 1cm=28.45pt)
-----------------------
LaTeX Font Info:    External font `cmex10' loaded for size
(Font)              <12> on input line 13.
LaTeX Font Info:    External font `cmex10' loaded for size
(Font)              <8> on input line 13.
LaTeX Font Info:    External font `cmex10' loaded for size
(Font)              <6> on input line 13.


LaTeX Warning: No \author given.

(./visualRefCard.toc
LaTeX Font Info:    External font `cmex10' loaded for size
(Font)              <7> on input line 4.
LaTeX Font Info:    External font `cmex10' loaded for size
(Font)              <5> on input line 4.
 [1

{/opt/local/share/texmf/fonts/map/pdftex/updmap/pdftex.map}])
\tf@toc=\write3
\openout3 = `visualRefCard.toc'.

 <graphical_conventions.pdf, id=10, 135.50626pt x 74.2775pt>
File: graphical_conventions.pdf Graphic file (type pdf)

<use graphical_conventions.pdf> <v_char.pdf, id=11, 105.39375pt x 34.1275pt>
File: v_char.pdf Graphic file (type pdf)

<use v_char.pdf> <v_log.pdf, id=12, 140.525pt x 34.1275pt>
File: v_log.pdf Graphic file (type pdf)
 <use v_log.pdf>
<v_num.pdf, id=13, 80.3pt x 34.1275pt>
File: v_num.pdf Graphic file (type pdf)
 <use v_num.pdf>
<v_char_names.pdf, id=14, 105.39375pt x 61.22874pt>
File: v_char_names.pdf Graphic file (type pdf)
 <use v_char_names.pdf>
<v_char_type.pdf, id=15, 168.63pt x 54.2025pt>
File: v_char_type.pdf Graphic file (type pdf)
 <use v_char_type.pdf>
<v_char_length.pdf, id=16, 171.64125pt x 54.2025pt>
File: v_char_length.pdf Graphic file (type pdf)
 <use v_char_length.pdf>
<v_num_type.pdf, id=17, 143.53625pt x 54.2025pt>
File: v_num_type.pdf Graphic file (type pdf)
 <use v_num_type.pdf>
<v_num_length.pdf, id=18, 146.5475pt x 54.2025pt>
File: v_num_length.pdf Graphic file (type pdf)
 <use v_num_length.pdf>
<v_log_type.pdf, id=19, 203.76125pt x 54.2025pt>
File: v_log_type.pdf Graphic file (type pdf)
 <use v_log_type.pdf>
<v_log_length.pdf, id=20, 206.7725pt x 54.2025pt>
File: v_log_length.pdf Graphic file (type pdf)
 <use v_log_length.pdf>
<c_1.pdf, id=21, 131.49126pt x 54.2025pt>
File: c_1.pdf Graphic file (type pdf)
 <use c_1.pdf>
<c_2.pdf, id=22, 214.8025pt x 54.2025pt>
File: c_2.pdf Graphic file (type pdf)
 <use c_2.pdf>
<c_3.pdf, id=23, 175.65625pt x 54.2025pt>
File: c_3.pdf Graphic file (type pdf)
 <use c_3.pdf>
<operator_sequence.pdf, id=24, 69.25874pt x 54.2025pt>
File: operator_sequence.pdf Graphic file (type pdf)

<use operator_sequence.pdf> <seq.pdf, id=25, 115.43124pt x 54.2025pt>
File: seq.pdf Graphic file (type pdf)

<use seq.pdf> <rep.pdf, id=26, 151.56625pt x 54.2025pt>
File: rep.pdf Graphic file (type pdf)
 <use rep.pdf>
<rep_seq.pdf, id=27, 195.73125pt x 74.2775pt>
File: rep_seq.pdf Graphic file (type pdf)
 <use rep_seq.pdf> [2 <./graphical_conventions.pdf> <./v_char.pdf> <./v_log.pdf
> <./v_num.pdf> <./v_char_names.pdf> <./v_char_type.pdf> <./v_char_length.pdf> 
<./v_num_type.pdf> <./v_num_length.pdf> <./v_log_type.pdf> <./v_log_length.pdf>
]
<extract_num.pdf, id=76, 105.39375pt x 54.2025pt>
File: extract_num.pdf Graphic file (type pdf)
 <use extract_num.pdf>
<extract_nums.pdf, id=77, 159.59625pt x 54.2025pt>
File: extract_nums.pdf Graphic file (type pdf)
 <use extract_nums.pdf>
<extract_nums_outsider.pdf, id=78, 194.7275pt x 54.2025pt>
File: extract_nums_outsider.pdf Graphic file (type pdf)

<use extract_nums_outsider.pdf>
<extract_nums_names.pdf, id=79, 117.43875pt x 96.36pt>
File: extract_nums_names.pdf Graphic file (type pdf)

<use extract_nums_names.pdf>
<extract_char_names.pdf, id=80, 113.42375pt x 96.36pt>
File: extract_char_names.pdf Graphic file (type pdf)

<use extract_char_names.pdf>
<extract_logical.pdf, id=81, 213.79875pt x 54.2025pt>
File: extract_logical.pdf Graphic file (type pdf)

<use extract_logical.pdf>
<extract_logical_recycling.pdf, id=82, 214.8025pt x 54.2025pt>
File: extract_logical_recycling.pdf Graphic file (type pdf)

<use extract_logical_recycling.pdf> [3 <./c_1.pdf> <./c_2.pdf> <./c_3.pdf> <./o
perator_sequence.pdf> <./seq.pdf> <./rep.pdf> <./rep_seq.pdf> <./extract_num.pd
f> <./extract_nums.pdf> <./extract_nums_outsider.pdf> <./extract_nums_names.pdf
> <./extract_char_names.pdf>]
<extract_repeating.pdf, id=134, 304.13625pt x 74.2775pt>
File: extract_repeating.pdf Graphic file (type pdf)

<use extract_repeating.pdf>
<operator_plus.pdf, id=135, 65.24374pt x 54.2025pt>
File: operator_plus.pdf Graphic file (type pdf)
 <use operator_plus.pdf>
<operator_minus.pdf, id=136, 62.2325pt x 54.2025pt>
File: operator_minus.pdf Graphic file (type pdf)
 <use operator_minus.pdf>
<operator_time.pdf, id=137, 63.23625pt x 54.2025pt>
File: operator_time.pdf Graphic file (type pdf)
 <use operator_time.pdf>
<operator_div.pdf, id=138, 135.50626pt x 54.2025pt>
File: operator_div.pdf Graphic file (type pdf)
 <use operator_div.pdf>
<operator_strict_lt.pdf, id=139, 65.24374pt x 54.2025pt>
File: operator_strict_lt.pdf Graphic file (type pdf)

<use operator_strict_lt.pdf>
<operator_gt_or_equal.pdf, id=140, 72.27pt x 54.2025pt>
File: operator_gt_or_equal.pdf Graphic file (type pdf)

<use operator_gt_or_equal.pdf>
<operator_equality_num.pdf, id=141, 72.27pt x 54.2025pt>
File: operator_equality_num.pdf Graphic file (type pdf)

<use operator_equality_num.pdf>
<operator_equality_num_TRUE.pdf, id=142, 72.27pt x 54.2025pt>
File: operator_equality_num_TRUE.pdf Graphic file (type pdf)

<use operator_equality_num_TRUE.pdf>
<operator_equality_log.pdf, id=143, 130.4875pt x 54.2025pt>
File: operator_equality_log.pdf Graphic file (type pdf)

<use operator_equality_log.pdf>
<operator_equality_char.pdf, id=144, 112.42pt x 54.2025pt>
File: operator_equality_char.pdf Graphic file (type pdf)

<use operator_equality_char.pdf>
<operator_plus_vectorized.pdf, id=145, 121.45375pt x 54.2025pt>
File: operator_plus_vectorized.pdf Graphic file (type pdf)

<use operator_plus_vectorized.pdf>
<operator_equal_vectorized.pdf, id=146, 145.54375pt x 54.2025pt>
File: operator_equal_vectorized.pdf Graphic file (type pdf)

<use operator_equal_vectorized.pdf>
<operator_add.pdf, id=147, 194.7275pt x 74.2775pt>
File: operator_add.pdf Graphic file (type pdf)
 <use operator_add.pdf>
<operator_gt.pdf, id=148, 184.69pt x 74.2775pt>
File: operator_gt.pdf Graphic file (type pdf)
 <use operator_gt.pdf>
<operator_recycling.pdf, id=149, 211.79124pt x 54.2025pt>
File: operator_recycling.pdf Graphic file (type pdf)

<use operator_recycling.pdf> [4 <./extract_logical.pdf> <./extract_logical_recy
cling.pdf> <./extract_repeating.pdf> <./operator_plus.pdf> <./operator_minus.pd
f> <./operator_time.pdf> <./operator_div.pdf> <./operator_strict_lt.pdf> <./ope
rator_gt_or_equal.pdf> <./operator_equality_num.pdf> <./operator_equality_num_T
RUE.pdf> <./operator_equality_log.pdf> <./operator_equality_char.pdf> <./operat
or_plus_vectorized.pdf> <./operator_equal_vectorized.pdf> <./operator_add.pdf> 
<./operator_gt.pdf>] <sum.pdf, id=221, 125.46875pt x 54.2025pt>
File: sum.pdf Graphic file (type pdf)
 <use sum.pdf>
<mean.pdf, id=222, 132.495pt x 54.2025pt>
File: mean.pdf Graphic file (type pdf)
 <use mean.pdf>
<var.pdf, id=223, 129.48375pt x 54.2025pt>
File: var.pdf Graphic file (type pdf)
 <use var.pdf>
<sd.pdf, id=224, 129.48375pt x 54.2025pt>
File: sd.pdf Graphic file (type pdf)
 <use sd.pdf>
<max.pdf, id=225, 125.46875pt x 54.2025pt>
File: max.pdf Graphic file (type pdf)
 <use max.pdf>
<min.pdf, id=226, 122.4575pt x 54.2025pt>
File: min.pdf Graphic file (type pdf)
 <use min.pdf>
<range.pdf, id=227, 133.49875pt x 54.2025pt>
File: range.pdf Graphic file (type pdf)
 <use range.pdf>
<cumsum.pdf, id=228, 148.555pt x 54.2025pt>
File: cumsum.pdf Graphic file (type pdf)
 <use cumsum.pdf>
<cumprod.pdf, id=229, 149.55875pt x 54.2025pt>
File: cumprod.pdf Graphic file (type pdf)
 <use cumprod.pdf>
<nchar.pdf, id=230, 159.59625pt x 54.2025pt>
File: nchar.pdf Graphic file (type pdf)
 <use nchar.pdf>
<paste.pdf, id=231, 164.615pt x 54.2025pt>
File: paste.pdf Graphic file (type pdf)
 <use paste.pdf>
<paste2.pdf, id=232, 238.8925pt x 54.2025pt>
File: paste2.pdf Graphic file (type pdf)
 <use paste2.pdf>
<paste3.pdf, id=233, 215.80624pt x 54.2025pt>
File: paste3.pdf Graphic file (type pdf)
 <use paste3.pdf>
<paste4.pdf, id=234, 206.7725pt x 54.2025pt>
File: paste4.pdf Graphic file (type pdf)
 <use paste4.pdf>
<paste5.pdf, id=235, 489.83pt x 128.48pt>
File: paste5.pdf Graphic file (type pdf)
 <use paste5.pdf>
Overfull \hbox (4.3448pt too wide) in paragraph at lines 186--187
[][] 
 []

[5 <./operator_recycling.pdf> <./sum.pdf> <./mean.pdf> <./var.pdf> <./sd.pdf> <
./max.pdf> <./min.pdf> <./range.pdf> <./cumsum.pdf> <./cumprod.pdf> <./nchar.pd
f> <./paste.pdf> <./paste2.pdf> <./paste3.pdf> <./paste4.pdf>]
<sort.pdf, id=299, 122.4575pt x 54.2025pt>
File: sort.pdf Graphic file (type pdf)
 <use sort.pdf>
<sort2.pdf, id=300, 259.97125pt x 54.2025pt>
File: sort2.pdf Graphic file (type pdf)
 <use sort2.pdf>
<sort_char.pdf, id=301, 129.48375pt x 54.2025pt>
File: sort_char.pdf Graphic file (type pdf)
 <use sort_char.pdf>
<sort_char_names.pdf, id=302, 158.5925pt x 108.405pt>
File: sort_char_names.pdf Graphic file (type pdf)

<use sort_char_names.pdf> <rev.pdf, id=303, 119.44624pt x 54.2025pt>
File: rev.pdf Graphic file (type pdf)

<use rev.pdf> <conversion_1.pdf, id=304, 218.8175pt x 74.2775pt>
File: conversion_1.pdf Graphic file (type pdf)

<use conversion_1.pdf> <conversion.pdf, id=305, 210.7875pt x 74.2775pt>
File: conversion.pdf Graphic file (type pdf)

<use conversion.pdf> <conversion_nchar.pdf, id=306, 140.525pt x 54.2025pt>
File: conversion_nchar.pdf Graphic file (type pdf)

<use conversion_nchar.pdf>
<conversion_as_character.pdf, id=307, 240.9pt x 74.2775pt>
File: conversion_as_character.pdf Graphic file (type pdf)

<use conversion_as_character.pdf> <which.pdf, id=308, 331.2375pt x 54.2025pt>
[6 <./paste5.pdf> <./sort.pdf> <./sort2.pdf> <./sort_char.pdf> <./sort_char_nam
es.pdf> <./rev.pdf> <./conversion_1.pdf> <./conversion.pdf> <./conversion_nchar
.pdf> <./conversion_as_character.pdf>]
File: which.pdf Graphic file (type pdf)
 <use which.pdf>
<order.pdf, id=352, 144.54pt x 54.2025pt>
File: order.pdf Graphic file (type pdf)
 <use order.pdf>
<order2.pdf, id=353, 166.6225pt x 81.30376pt>
File: order2.pdf Graphic file (type pdf)
 <use order2.pdf>
<which_min.pdf, id=354, 156.585pt x 54.2025pt>
File: which_min.pdf Graphic file (type pdf)
 <use which_min.pdf>
<which_max.pdf, id=355, 159.59625pt x 54.2025pt>
File: which_max.pdf Graphic file (type pdf)
 <use which_max.pdf>
<v_forms.pdf, id=356, 119.44624pt x 34.1275pt>
File: v_forms.pdf Graphic file (type pdf)
 <use v_forms.pdf>
<v_frequencies.pdf, id=357, 102.3825pt x 34.1275pt>
File: v_frequencies.pdf Graphic file (type pdf)
 <use v_frequencies.pdf>
<which_max_2.pdf, id=358, 322.20375pt x 74.2775pt>
File: which_max_2.pdf Graphic file (type pdf)
 <use which_max_2.pdf>
<matrix_order.pdf, id=359, 250.9375pt x 209.78375pt>
File: matrix_order.pdf Graphic file (type pdf)
 <use matrix_order.pdf>
<precedence.pdf, id=360, 183.68625pt x 74.2775pt>
File: precedence.pdf Graphic file (type pdf)
 <use precedence.pdf>
File: operator_gt.pdf Graphic file (type pdf)

<use operator_gt.pdf> [7 <./which.pdf> <./order.pdf> <./order2.pdf> <./which_mi
n.pdf> <./which_max.pdf> <./v_forms.pdf> <./v_frequencies.pdf> <./which_max_2.p
df> <./matrix_order.pdf>] <operator_gt_inv.pdf, id=401, 184.69pt x 74.2775pt>
File: operator_gt_inv.pdf Graphic file (type pdf)

<use operator_gt_inv.pdf> <matrix.pdf, id=402, 238.8925pt x 103.38625pt>
File: matrix.pdf Graphic file (type pdf)

<use matrix.pdf> <matrix_arg.pdf, id=403, 190.7125pt x 103.38625pt>
File: matrix_arg.pdf Graphic file (type pdf)

<use matrix_arg.pdf> <matrix_byrow.pdf, id=404, 301.125pt x 103.38625pt>
File: matrix_byrow.pdf Graphic file (type pdf)

<use matrix_byrow.pdf> <matrix_nbcol.pdf, id=405, 234.8775pt x 89.33376pt>
File: matrix_nbcol.pdf Graphic file (type pdf)

<use matrix_nbcol.pdf> <matrix_logical.pdf, id=406, 277.035pt x 68.255pt>
File: matrix_logical.pdf Graphic file (type pdf)

<use matrix_logical.pdf>
Overfull \hbox (74.51718pt too wide) in paragraph at lines 292--297
[][] 
 []

<matrix_extraction.pdf, id=407, 128.48pt x 68.255pt>
File: matrix_extraction.pdf Graphic file (type pdf)

<use matrix_extraction.pdf>
<matrix_extraction3.pdf, id=408, 188.705pt x 117.43875pt>
File: matrix_extraction3.pdf Graphic file (type pdf)

<use matrix_extraction3.pdf>
<matrix_extraction2.pdf, id=409, 158.5925pt x 103.38625pt>
File: matrix_extraction2.pdf Graphic file (type pdf)

<use matrix_extraction2.pdf>
<matrix_extraction4.pdf, id=410, 176.66pt x 106.3975pt>
File: matrix_extraction4.pdf Graphic file (type pdf)

<use matrix_extraction4.pdf>
<matrix_extraction5.pdf, id=411, 246.9225pt x 106.3975pt> [8 <./precedence.pdf>
 <./operator_gt_inv.pdf> <./matrix.pdf> <./matrix_arg.pdf> <./matrix_byrow.pdf>
 <./matrix_nbcol.pdf> <./matrix_logical.pdf>]
File: matrix_extraction5.pdf Graphic file (type pdf)
 <use matrix_extraction5.pdf>
<matrix_extraction_rows.pdf, id=443, 110.4125pt x 68.255pt>
File: matrix_extraction_rows.pdf Graphic file (type pdf)

<use matrix_extraction_rows.pdf>
<matrix_extraction_columns.pdf, id=444, 110.4125pt x 68.255pt>
File: matrix_extraction_columns.pdf Graphic file (type pdf)

<use matrix_extraction_columns.pdf>
<matrix_extraction8.pdf, id=445, 148.555pt x 106.3975pt>
File: matrix_extraction8.pdf Graphic file (type pdf)

<use matrix_extraction8.pdf>
<matrix_extraction6.pdf, id=446, 161.60374pt x 146.5475pt>
File: matrix_extraction6.pdf Graphic file (type pdf)

<use matrix_extraction6.pdf>
<matrix_extraction7.pdf, id=447, 173.64874pt x 160.6pt>
File: matrix_extraction7.pdf Graphic file (type pdf)

<use matrix_extraction7.pdf>
Overfull \hbox (2.76566pt too wide) in paragraph at lines 321--324
[][] [] [] 
 []

<nrow.pdf, id=448, 116.435pt x 68.255pt>
File: nrow.pdf Graphic file (type pdf)
 <use nrow.pdf>
<ncol.pdf, id=449, 112.42pt x 68.255pt>
File: ncol.pdf Graphic file (type pdf)
 <use ncol.pdf>
<dim.pdf, id=450, 109.40875pt x 68.255pt>
File: dim.pdf Graphic file (type pdf)
 <use dim.pdf> [9 <./matrix_extraction.pdf> <./matrix_extraction3.pdf> <./matri
x_extraction2.pdf> <./matrix_extraction4.pdf> <./matrix_extraction5.pdf> <./mat
rix_extraction_rows.pdf> <./matrix_extraction_columns.pdf> <./matrix_extraction
8.pdf> <./matrix_extraction6.pdf> <./matrix_extraction7.pdf>] <rownames.pdf, id
=494, 166.6225pt x 106.3975pt>
File: rownames.pdf Graphic file (type pdf)

<use rownames.pdf> <colnames.pdf, id=495, 162.6075pt x 106.3975pt>
File: colnames.pdf Graphic file (type pdf)

<use colnames.pdf> <length_matrix.pdf, id=496, 123.46124pt x 68.255pt>
File: length_matrix.pdf Graphic file (type pdf)

<use length_matrix.pdf> <mode_matrix.pdf, id=497, 120.45pt x 68.255pt>
File: mode_matrix.pdf Graphic file (type pdf)

<use mode_matrix.pdf>
<matrix_extraction_as_vector.pdf, id=498, 98.3675pt x 68.255pt>
File: matrix_extraction_as_vector.pdf Graphic file (type pdf)

<use matrix_extraction_as_vector.pdf>
<matrix_sum.pdf, id=499, 113.42375pt x 68.255pt>
File: matrix_sum.pdf Graphic file (type pdf)
 <use matrix_sum.pdf>
<rowSums.pdf, id=500, 140.525pt x 68.255pt>
File: rowSums.pdf Graphic file (type pdf)
 <use rowSums.pdf>
<colSums.pdf, id=501, 136.51pt x 68.255pt>
File: colSums.pdf Graphic file (type pdf)
 <use colSums.pdf>
<as_vector.pdf, id=502, 139.52126pt x 68.255pt>
File: as_vector.pdf Graphic file (type pdf)
 <use as_vector.pdf>
<matrix_operator.pdf, id=503, 90.3375pt x 83.31125pt>
File: matrix_operator.pdf Graphic file (type pdf)

<use matrix_operator.pdf> <cbind.pdf, id=504, 214.8025pt x 157.58875pt>
File: cbind.pdf Graphic file (type pdf)

<use cbind.pdf> <rbind.pdf, id=505, 212.795pt x 186.6975pt>
File: rbind.pdf Graphic file (type pdf)
 <use rbind.pdf>
[10 <./nrow.pdf> <./ncol.pdf> <./dim.pdf> <./rownames.pdf> <./colnames.pdf> <./
length_matrix.pdf> <./mode_matrix.pdf> <./matrix_extraction_as_vector.pdf> <./m
atrix_sum.pdf> <./rowSums.pdf> <./colSums.pdf> <./as_vector.pdf> <./matrix_oper
ator.pdf>] <t.pdf, id=561, 93.34875pt x 97.36375pt>
File: t.pdf Graphic file (type pdf)
 <use t.pdf>
<list_enumerate.pdf, id=562, 170.6375pt x 65.24374pt>
File: list_enumerate.pdf Graphic file (type pdf)
 <use list_enumerate.pdf>
<list_onetype.pdf, id=563, 149.55875pt x 85.31876pt>
File: list_onetype.pdf Graphic file (type pdf)
 <use list_onetype.pdf>
<list_twotypes.pdf, id=564, 166.6225pt x 85.31876pt>
File: list_twotypes.pdf Graphic file (type pdf)
 <use list_twotypes.pdf>
<list_matrix.pdf, id=565, 304.13625pt x 134.5025pt>
File: list_matrix.pdf Graphic file (type pdf)
 <use list_matrix.pdf>
Overfull \hbox (9.27359pt too wide) in paragraph at lines 390--393
[][] 
 []

<list_complex.pdf, id=566, 345.29pt x 128.48pt>
File: list_complex.pdf Graphic file (type pdf)
 <use list_complex.pdf> [11 <./cbind.pdf> <./rbind.pdf> <./t.pdf> <./list_enume
rate.pdf> <./list_onetype.pdf> <./list_twotypes.pdf> <./list_matrix.pdf>]
<list_names.pdf, id=598, 233.87375pt x 120.45pt>
File: list_names.pdf Graphic file (type pdf)
 <use list_names.pdf>
<list_length.pdf, id=599, 229.85875pt x 65.24374pt>
File: list_length.pdf Graphic file (type pdf)
 <use list_length.pdf>
<list_mode.pdf, id=600, 227.85126pt x 65.24374pt>
File: list_mode.pdf Graphic file (type pdf)
 <use list_mode.pdf>
<list_extract_simple.pdf, id=601, 207.77625pt x 117.43875pt>
File: list_extract_simple.pdf Graphic file (type pdf)

<use list_extract_simple.pdf>
<list_extract_double.pdf, id=602, 214.8025pt x 106.3975pt>
File: list_extract_double.pdf Graphic file (type pdf)

<use list_extract_double.pdf>
<list_successive_extraction.pdf, id=603, 275.0275pt x 128.48pt>
File: list_successive_extraction.pdf Graphic file (type pdf)

<use list_successive_extraction.pdf> [12 <./list_complex.pdf> <./list_names.pdf
> <./list_length.pdf> <./list_mode.pdf> <./list_extract_simple.pdf> <./list_ext
ract_double.pdf>] <list_extraction_1.pdf, id=631, 279.0425pt x 85.31876pt>
File: list_extraction_1.pdf Graphic file (type pdf)

<use list_extraction_1.pdf>
<list_extraction_2.pdf, id=632, 272.01625pt x 97.36375pt>
File: list_extraction_2.pdf Graphic file (type pdf)

<use list_extraction_2.pdf>
Overfull \hbox (89.5734pt too wide) in paragraph at lines 426--429
[][] 
 []

<unlist.pdf, id=633, 225.84375pt x 65.24374pt>
File: unlist.pdf Graphic file (type pdf)
 <use unlist.pdf>
<aslist.pdf, id=634, 133.49875pt x 85.31876pt>
File: aslist.pdf Graphic file (type pdf)
 <use aslist.pdf>
<factor.pdf, id=635, 282.05376pt x 54.2025pt>
File: factor.pdf Graphic file (type pdf)
 <use factor.pdf>
<levels.pdf, id=636, 239.89626pt x 54.2025pt>
File: levels.pdf Graphic file (type pdf)
 <use levels.pdf>
Overfull \hbox (60.46472pt too wide) in paragraph at lines 455--458
[][] 
 []

<forms1.pdf, id=637, 351.3125pt x 34.1275pt>
File: forms1.pdf Graphic file (type pdf)
 <use forms1.pdf>
<pos1.pdf, id=638, 165.61874pt x 34.1275pt>
File: pos1.pdf Graphic file (type pdf)
 <use pos1.pdf>
Overfull \hbox (55.44597pt too wide) in paragraph at lines 463--466
[][] 
 []

<split2.pdf, id=639, 570.13pt x 96.36pt>
File: split2.pdf Graphic file (type pdf)
 <use split2.pdf>
Overfull \hbox (96.64462pt too wide) in paragraph at lines 472--475
[][] 
 []

[13 <./list_successive_extraction.pdf> <./list_extraction_1.pdf> <./list_extrac
tion_2.pdf> <./unlist.pdf> <./aslist.pdf> <./factor.pdf> <./levels.pdf> <./form
s1.pdf> <./pos1.pdf>] <tapply.pdf, id=681, 381.425pt x 96.36pt>
File: tapply.pdf Graphic file (type pdf)

<use tapply.pdf> <rowsum.pdf, id=682, 206.7725pt x 140.525pt>
File: rowsum.pdf Graphic file (type pdf)
 <use rowsum.pdf>
<dataframe.pdf, id=683, 521.95pt x 125.46875pt>
File: dataframe.pdf Graphic file (type pdf)
 <use dataframe.pdf>
Overfull \hbox (48.46472pt too wide) in paragraph at lines 510--513
[][] 
 []

[14 <./split2.pdf> <./tapply.pdf> <./rowsum.pdf> <./dataframe.pdf>]
<dataframe_as_matrix.pdf, id=703, 214.8025pt x 154.5775pt>
File: dataframe_as_matrix.pdf Graphic file (type pdf)

<use dataframe_as_matrix.pdf>
<dataframe_as_data_frame.pdf, id=704, 163.61125pt x 118.4425pt>
File: dataframe_as_data_frame.pdf Graphic file (type pdf)

<use dataframe_as_data_frame.pdf>
<dataframe_as_list.pdf, id=705, 297.11pt x 173.64874pt>
File: dataframe_as_list.pdf Graphic file (type pdf)

<use dataframe_as_list.pdf>
<dataframe_as_dataframe_from_list.pdf, id=706, 291.0875pt x 192.72pt>
File: dataframe_as_dataframe_from_list.pdf Graphic file (type pdf)

<use dataframe_as_dataframe_from_list.pdf> [15 <./dataframe_as_matrix.pdf> <./d
ataframe_as_data_frame.pdf> <./dataframe_as_list.pdf> <./dataframe_as_dataframe
_from_list.pdf>] <dataframe_extracting.pdf, id=726, 263.98625pt x 273.02pt>
File: dataframe_extracting.pdf Graphic file (type pdf)

<use dataframe_extracting.pdf>
<dataframe_extracting_row.pdf, id=727, 186.6975pt x 167.62625pt>
File: dataframe_extracting_row.pdf Graphic file (type pdf)

<use dataframe_extracting_row.pdf>
<dataframe_extracting_column.pdf, id=728, 186.6975pt x 125.46875pt>
File: dataframe_extracting_column.pdf Graphic file (type pdf)

<use dataframe_extracting_column.pdf>
<dataframe_list_like_extraction_3.pdf, id=729, 180.675pt x 125.46875pt>
File: dataframe_list_like_extraction_3.pdf Graphic file (type pdf)

<use dataframe_list_like_extraction_3.pdf>
<dataframe_list_like_extraction_2.pdf, id=730, 204.765pt x 125.46875pt>
File: dataframe_list_like_extraction_2.pdf Graphic file (type pdf)

<use dataframe_list_like_extraction_2.pdf>
<dataframe_list_like_extraction_1.pdf, id=731, 178.6675pt x 125.46875pt>
File: dataframe_list_like_extraction_1.pdf Graphic file (type pdf)

<use dataframe_list_like_extraction_1.pdf> [16 <./dataframe_extracting.pdf> <./
dataframe_extracting_row.pdf> <./dataframe_extracting_column.pdf> <./dataframe_
list_like_extraction_3.pdf> <./dataframe_list_like_extraction_2.pdf>]
<dataframe_list_like_extraction_4.pdf, id=755, 174.6525pt x 196.735pt>
File: dataframe_list_like_extraction_4.pdf Graphic file (type pdf)

<use dataframe_list_like_extraction_4.pdf>
<merge.pdf, id=756, 233.87375pt x 185.69376pt>
File: merge.pdf Graphic file (type pdf)
 <use merge.pdf> [17 <./dataframe_list_like_extraction_1.pdf> <./dataframe_list
_like_extraction_4.pdf> <./merge.pdf>] <table_1.pdf, id=772, 274.02374pt x 96.3
6pt>
File: table_1.pdf Graphic file (type pdf)
 <use table_1.pdf>
<table_2.pdf, id=773, 388.45125pt x 159.59625pt>
File: table_2.pdf Graphic file (type pdf)
 <use table_2.pdf>
<prop_table1.pdf, id=774, 375.4025pt x 83.31125pt>
File: prop_table1.pdf Graphic file (type pdf)
 <use prop_table1.pdf>
<prop_table_row.pdf, id=775, 368.37625pt x 83.31125pt>
File: prop_table_row.pdf Graphic file (type pdf)

<use prop_table_row.pdf>
<prop_table_column.pdf, id=776, 368.37625pt x 83.31125pt>
File: prop_table_column.pdf Graphic file (type pdf)

<use prop_table_column.pdf> <margin_table1.pdf, id=777, 156.585pt x 68.255pt>
File: margin_table1.pdf Graphic file (type pdf)

<use margin_table1.pdf>
<margin_table_row.pdf, id=778, 245.91875pt x 83.31125pt>
File: margin_table_row.pdf Graphic file (type pdf)

<use margin_table_row.pdf>
<margin_table_column.pdf, id=779, 245.91875pt x 97.36375pt>
File: margin_table_column.pdf Graphic file (type pdf)

<use margin_table_column.pdf>
Overfull \hbox (30.35228pt too wide) in paragraph at lines 640--644
[][] 
 []

[18 <./table_1.pdf> <./table_2.pdf> <./prop_table1.pdf> <./prop_table_row.pdf> 
<./prop_table_column.pdf>] <strsplit.pdf, id=803, 329.23pt x 85.31876pt>
File: strsplit.pdf Graphic file (type pdf)

<use strsplit.pdf> <strsplit_2.pdf, id=804, 420.57124pt x 85.31876pt>
File: strsplit_2.pdf Graphic file (type pdf)

<use strsplit_2.pdf> <substr.pdf, id=805, 182.6825pt x 54.2025pt>
File: substr.pdf Graphic file (type pdf)

<use substr.pdf> <substr_2.pdf, id=806, 289.08pt x 74.2775pt>
File: substr_2.pdf Graphic file (type pdf)

<use substr_2.pdf> <substr_3.pdf, id=807, 427.5975pt x 74.2775pt>
File: substr_3.pdf Graphic file (type pdf)

<use substr_3.pdf> <grep.pdf, id=808, 230.8625pt x 54.2025pt>
File: grep.pdf Graphic file (type pdf)
 <use grep.pdf>
<grepl.pdf, id=809, 233.87375pt x 54.2025pt> [19 <./margin_table1.pdf> <./margi
n_table_row.pdf> <./margin_table_column.pdf> <./strsplit.pdf> <./strsplit_2.pdf
> <./substr.pdf> <./substr_2.pdf> <./substr_3.pdf>]
File: grepl.pdf Graphic file (type pdf)
 <use grepl.pdf>
<sub.pdf, id=846, 283.0575pt x 54.2025pt>
File: sub.pdf Graphic file (type pdf)
 <use sub.pdf>
<gsub.pdf, id=847, 290.08376pt x 54.2025pt>
File: gsub.pdf Graphic file (type pdf)
 <use gsub.pdf> [20 <./grep.pdf> <./grepl.pdf> <./sub.pdf> <./gsub.pdf>] (./vis
ualRefCard.aux) ) 
Here is how much of TeX's memory you used:
 2927 strings out of 94073
 42622 string characters out of 1164796
 85067 words of memory out of 1500000
 6061 multiletter control sequences out of 10000+50000
 12452 words of font info for 31 fonts, out of 1200000 for 2000
 645 hyphenation exceptions out of 8191
 25i,10n,24p,334b,269s stack positions out of 5000i,500n,6000p,200000b,5000s
{/opt/local/share/texmf-dist/fonts/enc/dvips/cm-super/cm-super
-t1.enc}</opt/local/share/texmf-dist/fonts/type1/public/cm-super/sfbx1000.pfb><
/opt/local/share/texmf-dist/fonts/type1/public/cm-super/sfbx1200.pfb></opt/loca
l/share/texmf-dist/fonts/type1/public/cm-super/sfbx1440.pfb></opt/local/share/t
exmf-dist/fonts/type1/public/cm-super/sfrm1000.pfb></opt/local/share/texmf-dist
/fonts/type1/public/cm-super/sfrm1200.pfb></opt/local/share/texmf-dist/fonts/ty
pe1/public/cm-super/sfrm1728.pfb></opt/local/share/texmf-dist/fonts/type1/publi
c/cm-super/sfti1000.pfb>
Output written on visualRefCard.pdf (20 pages, 694739 bytes).
PDF statistics:
 891 PDF objects out of 1000 (max. 8388607)
 0 named destinations out of 1000 (max. 131072)
 796 words of extra memory for PDF output out of 10000 (max. 10000000)

